Xvesa.tcz
Xlibs.tcz
Xprogs.tcz
aterm.tcz
fltk-1.3.tcz
flwm_topside.tcz
flwm.tcz
wbar.tcz
icewm.tcz
jwm.tcz
fluxbox.tcz
hackedbox.tcz
openbox.tcz
tc-install.tcz
kmaps.tcz
wifi.tcz
wl-modules-3.16.6-tinycore.tcz
ndiswrapper.tcz
iw.tcz
firmware-atheros.tcz
firmware-broadcom_bnx2.tcz
firmware-broadcom_bcm43xx.tcz
firmware-ipw2100.tcz
firmware-ipw2200.tcz
firmware-iwlwifi.tcz
firmware_iwlwifi-7260.tcz
firmware-libertas.tcz
firmware-myri10ge.tcz
firmware-netxen.tcz
firmware-openfwwf.tcz
firmware-radeon.tcz
firmware.tcz
firmware-ti-connectivity.tcz
firmware-ueagle-atm.tcz
firmware-vxge.tcz
firmware-iwimax.tcz
firmware-zd1211.tcz
b43-fwcutter.tcz
pci-utils.tcz
ezremaster.tcz
